<?xml version="1.0" encoding="UTF-8"?>
<!-- Generated by org.testng.reporters.JUnitReportReporter -->
<testsuite hostname="NDI-LAP-057" failures="0" tests="3" name="seleniumTraining.MavenTraining" time="19.054" errors="0" timestamp="2023-04-08T23:25:38 IST" skipped="0">
  <testcase classname="seleniumTraining.MavenTraining" name="Test2" time="3.877"/>
  <system-out/>
  <testcase classname="seleniumTraining.MavenTraining" name="Test3" time="11.194"/>
  <system-out/>
  <testcase classname="seleniumTraining.MavenTraining" name="Test1" time="3.983"/>
  <system-out/>
</testsuite> <!-- seleniumTraining.MavenTraining -->
