<?xml version="1.0" encoding="UTF-8"?>
<!-- Generated by org.testng.reporters.JUnitReportReporter -->
<testsuite hostname="NDI-LAP-057" failures="0" tests="3" name="seleniumTraining.MavenTraining" time="11.933" errors="0" timestamp="2023-04-08T23:34:22 IST" skipped="0">
  <testcase classname="seleniumTraining.MavenTraining" name="Test2" time="4.430"/>
  <system-out/>
  <testcase classname="seleniumTraining.MavenTraining" name="Test1" time="3.543"/>
  <system-out/>
  <testcase classname="seleniumTraining.MavenTraining" name="Test3" time="3.960"/>
  <system-out/>
</testsuite> <!-- seleniumTraining.MavenTraining -->
